"../../../../Users/Jonty.hoe7674/Documents/PaintedWings/Content/Assets/Gameplay/Spider/Spider_Skeleton.uasset" 0
"../../../../Users/Jonty.hoe7674/Documents/PaintedWings/Content/Assets/Gameplay/Spider/SpiderAnimatedIdle_Anim.uasset" 1
"../../../../Users/Jonty.hoe7674/Documents/PaintedWings/Content/Assets/Gameplay/Spider/SpiderAnimatedWalk.uasset" 2
"../../../../Users/Jonty.hoe7674/Documents/PaintedWings/Content/Assets/Gameplay/Spider/SpiderAnimatedWrapping.uasset" 3
"../../../../Users/Jonty.hoe7674/Documents/PaintedWings/Content/Assets/Player/Bird_Skeleton.uasset" 4
"../../../../Users/Jonty.hoe7674/Documents/PaintedWings/Content/Effects/Particles/MAT_PlayerGlideTrail.uasset" 5
"../../../../Users/Jonty.hoe7674/Documents/PaintedWings/Content/Effects/Particles/PS_PlayerGlideTrail.uasset" 6
"../../../../Users/Jonty.hoe7674/Documents/PaintedWings/Content/Assets/Player/Animations/Bird_Glide_Test_Tehe.uasset" 7
"../../../../Users/Jonty.hoe7674/Documents/PaintedWings/Content/Assets/Player/Animations/Bird_Hop.uasset" 8
"../../../../Users/Jonty.hoe7674/Documents/PaintedWings/Content/Assets/Player/Animations/Bird_Idle.uasset" 9
"../../../../Users/Jonty.hoe7674/Documents/PaintedWings/Content/Assets/Player/Animations/Bird_Jump_Double.uasset" 10
"../../../../Users/Jonty.hoe7674/Documents/PaintedWings/Content/Assets/Player/Animations/Bird_Jump_Middle.uasset" 11
"../../../../Users/Jonty.hoe7674/Documents/PaintedWings/Content/Assets/Player/Animations/Bird_Jump_Start.uasset" 12
"../../../../Users/Jonty.hoe7674/Documents/PaintedWings/Content/Assets/Gameplay/Spider/Spider_Diff.uasset" 13
"../../../../Users/Jonty.hoe7674/Documents/PaintedWings/Content/Assets/Gameplay/Spider/SpiderMat.uasset" 14
"../../../../Users/Jonty.hoe7674/Documents/PaintedWings/Content/Assets/Gameplay/Spider/Spider_PhysicsAsset.uasset" 15
"../../../../Users/Jonty.hoe7674/Documents/PaintedWings/Content/Assets/Gameplay/Spider/Spider.uasset" 16
"../../../../Users/Jonty.hoe7674/Documents/PaintedWings/Content/Assets/Gameplay/SpiderWeb/Web_MASK.uasset" 17
"../../../../Users/Jonty.hoe7674/Documents/PaintedWings/Content/Assets/Gameplay/SpiderWeb/Web_MAT.uasset" 18
"../../../../Users/Jonty.hoe7674/Documents/PaintedWings/Content/Assets/Gameplay/SpiderWeb/SpiderWeb_PhysicsAsset.uasset" 19
"../../../../Users/Jonty.hoe7674/Documents/PaintedWings/Content/Assets/Gameplay/SpiderWeb/SpiderWeb_Skeleton.uasset" 20
"../../../../Users/Jonty.hoe7674/Documents/PaintedWings/Content/Assets/Gameplay/SpiderWeb/SpiderWeb.uasset" 21
"../../../Engine/Content/EngineMaterials/BlendFunc_DefBase.uasset" 22
"../../../Engine/Content/EngineMaterials/BlendFunc_DefBlend.uasset" 23
"../../../Engine/Content/Functions/Engine_MaterialFunctions03/Blends/Blend_Overlay.uasset" 24
"../../../Engine/Content/Functions/Engine_MaterialFunctions03/Blends/Blend_Screen.uasset" 25
"../../../../Users/Jonty.hoe7674/Documents/PaintedWings/Content/Shaders/Watercolor/MF_ColorDensity.uasset" 26
"../../../../Users/Jonty.hoe7674/Documents/PaintedWings/Content/Shaders/Watercolor/MF_ColorModification.uasset" 27
"../../../../Users/Jonty.hoe7674/Documents/PaintedWings/Content/Shaders/Watercolor/MF_Perturbation.uasset" 28
"../../../../Users/Jonty.hoe7674/Documents/PaintedWings/Content/Assets/Player/Bird_Texture_01.uasset" 29
"../../../../Users/Jonty.hoe7674/Documents/PaintedWings/Content/Assets/Player/lambert15.uasset" 30
"../../../../Users/Jonty.hoe7674/Documents/PaintedWings/Content/Assets/Player/Bird_Feathers_txt.uasset" 31
"../../../../Users/Jonty.hoe7674/Documents/PaintedWings/Content/Assets/Player/Bird_Opacity_Map.uasset" 32
"../../../../Users/Jonty.hoe7674/Documents/PaintedWings/Content/Assets/Player/lambert16.uasset" 33
"../../../../Users/Jonty.hoe7674/Documents/PaintedWings/Content/Assets/Player/Bird_PhysicsAsset.uasset" 34
"../../../../Users/Jonty.hoe7674/Documents/PaintedWings/Content/Assets/Player/Bird.uasset" 35
"../../../../Users/Jonty.hoe7674/Documents/PaintedWings/Content/Assets/CutScenes/SpiderSequence.uasset" 36
"../../../../Users/Jonty.hoe7674/Documents/PaintedWings/Content/Assets/Environment/FarnMask2.uasset" 37
"../../../Engine/Content/Functions/Engine_MaterialFunctions01/WorldPositionOffset/SimpleGrassWind.uasset" 38
"../../../../Users/Jonty.hoe7674/Documents/PaintedWings/Content/Assets/Environment/Stem.uasset" 39
"../../../../Users/Jonty.hoe7674/Documents/PaintedWings/Content/Assets/Environment/StemMat.uasset" 40
"../../../../Users/Jonty.hoe7674/Documents/PaintedWings/Content/Assets/Environment/FogSheet_Plane.uasset" 41
"../../../../Users/Jonty.hoe7674/Documents/PaintedWings/Content/Assets/Environment/Trees/Trunk2.uasset" 42
"../../../../Users/Jonty.hoe7674/Documents/PaintedWings/Content/Assets/Environment/lambert7.uasset" 43
"../../../../Users/Jonty.hoe7674/Documents/PaintedWings/Content/Assets/Environment/Trees/Branches/lambert1.uasset" 44
"../../../../Users/Jonty.hoe7674/Documents/PaintedWings/Content/Assets/Environment/MushroomPlatform.uasset" 45
"../../../../Users/Jonty.hoe7674/Documents/PaintedWings/Content/Assets/Environment/PlaneTest.uasset" 46
"../../../../Users/Jonty.hoe7674/Documents/PaintedWings/Content/Assets/Environment/Flower/Centre.uasset" 47
"../../../../Users/Jonty.hoe7674/Documents/PaintedWings/Content/Assets/Environment/Flower/Centre_MAT_T.uasset" 48
"../../../../Users/Jonty.hoe7674/Documents/PaintedWings/Content/Assets/Environment/Flower/Leaf2.uasset" 49
"../../../../Users/Jonty.hoe7674/Documents/PaintedWings/Content/Assets/Environment/Flower/Flower_MAT2.uasset" 50
"../../../../Users/Jonty.hoe7674/Documents/PaintedWings/Content/Assets/Environment/Flower/TrapFlower/Leaf02.uasset" 51
"../../../../Users/Jonty.hoe7674/Documents/PaintedWings/Content/Assets/Environment/Flower/TrapFlower/Flower2_MAT.uasset" 52
"../../../../Users/Jonty.hoe7674/Documents/PaintedWings/Content/Assets/Environment/Flower/TrapFlower/Flower_Tilt_PhysicsAsset.uasset" 53
"../../../../Users/Jonty.hoe7674/Documents/PaintedWings/Content/Assets/Environment/Flower/TrapFlower/Flower_Tilt_Skeleton.uasset" 54
"../../../../Users/Jonty.hoe7674/Documents/PaintedWings/Content/Assets/Environment/Flower/TrapFlower/Flower_Tilt.uasset" 55
"../../../../Users/Jonty.hoe7674/Documents/PaintedWings/Content/Assets/Environment/Flower/TrapFlower/Flower_Tilt_Anim.uasset" 56
"../../../../Users/Jonty.hoe7674/Documents/PaintedWings/Content/Assets/Environment/Leaves/FarnMask.uasset" 57
"../../../../Users/Jonty.hoe7674/Documents/PaintedWings/Content/Assets/Environment/Leaves/Fern1.uasset" 58
"../../../../Users/Jonty.hoe7674/Documents/PaintedWings/Content/Assets/Environment/MaskStump.uasset" 59
"../../../../Users/Jonty.hoe7674/Documents/PaintedWings/Content/Assets/Environment/Leaves/Leaf_MAT.uasset" 60
"../../../../Users/Jonty.hoe7674/Documents/PaintedWings/Content/Assets/Environment/Leaves/Fern.uasset" 61
"../../../../Users/Jonty.hoe7674/Documents/PaintedWings/Content/Assets/Environment/Leaves/Leaf2.uasset" 62
"../../../../Users/Jonty.hoe7674/Documents/PaintedWings/Content/Assets/Environment/Leaves/Leaf2_MAT.uasset" 63
"../../../../Users/Jonty.hoe7674/Documents/PaintedWings/Content/Assets/Environment/Ponga/Ponga_Leaf.uasset" 64
"../../../../Users/Jonty.hoe7674/Documents/PaintedWings/Content/Assets/Environment/Ponga/Ponga_Rigged_Skeleton.uasset" 65
"../../../../Users/Jonty.hoe7674/Documents/PaintedWings/Content/Assets/Environment/Trees/Hollow_DIFF.uasset" 66
"../../../../Users/Jonty.hoe7674/Documents/PaintedWings/Content/Assets/Environment/Trees/Hollow_MAT.uasset" 67
"../../../../Users/Jonty.hoe7674/Documents/PaintedWings/Content/Assets/Environment/Trees/StumpAssets_03.uasset" 68
"../../../../Users/Jonty.hoe7674/Documents/PaintedWings/Content/Assets/Environment/Trees/TallTree.uasset" 69
"../../../../Users/Jonty.hoe7674/Documents/PaintedWings/Content/Assets/Environment/Trees/TreeIndent.uasset" 70
"../../../../Users/Jonty.hoe7674/Documents/PaintedWings/Content/Assets/Environment/Trees/Branches/Rourkes_TreeBrannch_DIFF.uasset" 71
"../../../../Users/Jonty.hoe7674/Documents/PaintedWings/Content/Assets/Environment/Trees/Tree_Branch_MAT1.uasset" 72
"../../../../Users/Jonty.hoe7674/Documents/PaintedWings/Content/Assets/Environment/Trees/Branches/BranchSingle.uasset" 73
"../../../../Users/Jonty.hoe7674/Documents/PaintedWings/Content/Assets/Environment/Trees/Branches/Branch_01.uasset" 74
"../../../../Users/Jonty.hoe7674/Documents/PaintedWings/Content/Assets/Environment/Trees/Branches/branch_02.uasset" 75
"../../../../Users/Jonty.hoe7674/Documents/PaintedWings/Content/Assets/Environment/Trees/Branches/Branch_03.uasset" 76
"../../../../Users/Jonty.hoe7674/Documents/PaintedWings/Content/Assets/Environment/Trees/Branches/Branch_04.uasset" 77
"../../../../Users/Jonty.hoe7674/Documents/PaintedWings/Content/Assets/Environment/Trees/Branches/Branch_05.uasset" 78
"../../../../Users/Jonty.hoe7674/Documents/PaintedWings/Content/Assets/Environment/Trees/Branches/Others_DIFF.uasset" 79
"../../../../Users/Jonty.hoe7674/Documents/PaintedWings/Content/Assets/Environment/Trees/Branches/TreeSet_02_DIFF.uasset" 80
"../../../../Users/Jonty.hoe7674/Documents/PaintedWings/Content/Assets/Environment/Trees/Branches/TreeMaterialFriend.uasset" 81
"../../../../Users/Jonty.hoe7674/Documents/PaintedWings/Content/Assets/Environment/Trees/Branches/Branch_main.uasset" 82
"../../../../Users/Jonty.hoe7674/Documents/PaintedWings/Content/Assets/Environment/Trees/Branches/Branch_main2.uasset" 83
"../../../../Users/Jonty.hoe7674/Documents/PaintedWings/Content/Assets/Environment/Trees/Branches/Branch_Single.uasset" 84
"../../../../Users/Jonty.hoe7674/Documents/PaintedWings/Content/Assets/Environment/Trees/Branches/LongTreeBranch.uasset" 85
"../../../../Users/Jonty.hoe7674/Documents/PaintedWings/Content/Assets/Environment/Trees/Branches/TwoProngedLongTreeBranch.uasset" 86
"../../../../Users/Jonty.hoe7674/Documents/PaintedWings/Content/Assets/Environment/Trees/Branches/TwoProngedShortTreeBranch.uasset" 87
"../../../../Users/Jonty.hoe7674/Documents/PaintedWings/Content/Assets/Environment/Trees/Branches/AnimatedTreeBranches/Branch_SingleAnimated_PhysicsAsset.uasset" 88
"../../../../Users/Jonty.hoe7674/Documents/PaintedWings/Content/Assets/Environment/Trees/Branches/AnimatedTreeBranches/Branch_SingleAnimated_Skeleton.uasset" 89
"../../../../Users/Jonty.hoe7674/Documents/PaintedWings/Content/Assets/Environment/Trees/Branches/AnimatedTreeBranches/Branch_SingleAnimated.uasset" 90
"../../../../Users/Jonty.hoe7674/Documents/PaintedWings/Content/Assets/Environment/Trees/Branches/AnimatedTreeBranches/Branch_SingleAnimated_Anim.uasset" 91
"../../../../Users/Jonty.hoe7674/Documents/PaintedWings/Content/Assets/Environment/Trees/Branches/AnimatedTreeBranches/Branch_TwoProngAnimated_PhysicsAsset.uasset" 92
"../../../../Users/Jonty.hoe7674/Documents/PaintedWings/Content/Assets/Environment/Trees/Branches/AnimatedTreeBranches/Branch_TwoProngAnimated_Skeleton.uasset" 93
"../../../../Users/Jonty.hoe7674/Documents/PaintedWings/Content/Assets/Environment/Trees/Branches/AnimatedTreeBranches/Branch_TwoProngAnimated.uasset" 94
"../../../../Users/Jonty.hoe7674/Documents/PaintedWings/Content/Assets/Environment/Trees/Branches/AnimatedTreeBranches/Branch_TwoProngAnimated_Anim.uasset" 95
"../../../../Users/Jonty.hoe7674/Documents/PaintedWings/Content/Assets/Environment/Trees/Branches/AnimatedTreeBranches/LongBranch_TwoProngAnimated_PhysicsAsset.uasset" 96
"../../../../Users/Jonty.hoe7674/Documents/PaintedWings/Content/Assets/Environment/Trees/Branches/AnimatedTreeBranches/LongBranch_TwoProngAnimated_Skeleton.uasset" 97
"../../../../Users/Jonty.hoe7674/Documents/PaintedWings/Content/Assets/Environment/Trees/Branches/AnimatedTreeBranches/LongBranch_TwoProngAnimated.uasset" 98
"../../../../Users/Jonty.hoe7674/Documents/PaintedWings/Content/Assets/Environment/Trees/Branches/AnimatedTreeBranches/LongBranch_TwoProngAnimated_Anim.uasset" 99
"../../../../Users/Jonty.hoe7674/Documents/PaintedWings/Content/Assets/Environment/Trees/Branches/AnimatedTreeBranches/Long_BranchAnimated_PhysicsAsset.uasset" 100
"../../../../Users/Jonty.hoe7674/Documents/PaintedWings/Content/Assets/Environment/Trees/Branches/AnimatedTreeBranches/Long_BranchAnimated_Skeleton.uasset" 101
"../../../../Users/Jonty.hoe7674/Documents/PaintedWings/Content/Assets/Environment/Trees/Branches/AnimatedTreeBranches/Long_BranchAnimated.uasset" 102
"../../../../Users/Jonty.hoe7674/Documents/PaintedWings/Content/Assets/Environment/Trees/Branches/AnimatedTreeBranches/Long_BranchAnimated_Anim.uasset" 103
"../../../../Users/Jonty.hoe7674/Documents/PaintedWings/Content/Assets/Environment/Trees/Treetop/TreeTopSharp.uasset" 104
"../../../../Users/Jonty.hoe7674/Documents/PaintedWings/Content/Assets/Environment/Trees/Treetop/HardEdge.uasset" 105
"../../../../Users/Jonty.hoe7674/Documents/PaintedWings/Content/Assets/Environment/Trees/Treetop/TreeTopShort.uasset" 106
"../../../../Users/Jonty.hoe7674/Documents/PaintedWings/Content/Assets/Gameplay/Web_DIFF.uasset" 107
"../../../../Users/Jonty.hoe7674/Documents/PaintedWings/Content/Assets/Gameplay/Web_MASK.uasset" 108
"../../../../Users/Jonty.hoe7674/Documents/PaintedWings/Content/Assets/Gameplay/Web_MAT.uasset" 109
"../../../../Users/Jonty.hoe7674/Documents/PaintedWings/Content/Assets/Gameplay/DragonFly/Dragonfly_Spinny_Skeleton.uasset" 110
"../../../../Users/Jonty.hoe7674/Documents/PaintedWings/Content/Assets/Gameplay/DragonFly/Dragonfly.uasset" 111
"../../../../Users/Jonty.hoe7674/Documents/PaintedWings/Content/Assets/Gameplay/DragonFly/Dragonfly_Spinny_Anim.uasset" 112
"../../../../Users/Jonty.hoe7674/Documents/PaintedWings/Content/Assets/Gameplay/SpiderWeb/OldSpiderWeb.uasset" 113
"../../../../Users/Jonty.hoe7674/Documents/PaintedWings/Content/Assets/Gameplay/SpiderWeb/SpiderWeb_Anim.uasset" 114
"../../../../Users/Jonty.hoe7674/Documents/PaintedWings/Content/Assets/Gameplay/SpiderWeb/SpiderWeb_Idle.uasset" 115
"../../../../Users/Jonty.hoe7674/Documents/PaintedWings/Content/Assets/Gameplay/SpiderWeb/NewSpiderWeb/Spiderweb_Skeleton.uasset" 116
"../../../../Users/Jonty.hoe7674/Documents/PaintedWings/Content/Assets/Gameplay/SpiderWeb/NewSpiderWeb/Spiderweb_Anim.uasset" 117
"../../../../Users/Jonty.hoe7674/Documents/PaintedWings/Content/Assets/Gameplay/SpiderWeb/NewSpiderWeb/Spiderweb_Idle.uasset" 118
"../../../../Users/Jonty.hoe7674/Documents/PaintedWings/Content/Assets/Gameplay/SpiderWeb/NewSpiderWeb/SpiderWebAnimBP.uasset" 119
"../../../../Users/Jonty.hoe7674/Documents/PaintedWings/Content/Assets/Gameplay/SpiderWeb/NewSpiderWeb/Material_002.uasset" 120
"../../../../Users/Jonty.hoe7674/Documents/PaintedWings/Content/Assets/Gameplay/SpiderWeb/NewSpiderWeb/Spiderweb_PhysicsAsset.uasset" 121
"../../../../Users/Jonty.hoe7674/Documents/PaintedWings/Content/Assets/Gameplay/SpiderWeb/NewSpiderWeb/Spiderweb.uasset" 122
"../../../../Users/Jonty.hoe7674/Documents/PaintedWings/Content/Blueprints/Mechanics/BP_DashWall.uasset" 123
"../../../../Users/Jonty.hoe7674/Documents/PaintedWings/Content/Assets/Gameplay/SpiderWeb/OldSpiderWebAnimBP.uasset" 124
"../../../../Users/Jonty.hoe7674/Documents/PaintedWings/Content/Assets/Gameplay/SpiderWeb/SpiderWeb__Idle.uasset" 125
"../../../../Users/Jonty.hoe7674/Documents/PaintedWings/Content/Assets/Gameplay/SpiderWeb/SpiderWebAnimBP.uasset" 126
"../../../../Users/Jonty.hoe7674/Documents/PaintedWings/Content/Assets/Player/Material_001.uasset" 127
"../../../../Users/Jonty.hoe7674/Documents/PaintedWings/Content/Assets/Player/Material_003.uasset" 128
"../../../../Users/Jonty.hoe7674/Documents/PaintedWings/Content/Assets/Player/Material_012.uasset" 129
"../../../../Users/Jonty.hoe7674/Documents/PaintedWings/Content/Assets/Player/Material_013.uasset" 130
"../../../../Users/Jonty.hoe7674/Documents/PaintedWings/Content/Assets/Player/Animations/bird_fidget_01.uasset" 131
"../../../../Users/Jonty.hoe7674/Documents/PaintedWings/Content/Assets/Player/Animations/Bird_Dash.uasset" 132
"../../../../Users/Jonty.hoe7674/Documents/PaintedWings/Content/Assets/Player/Animations/Bird_Suck.uasset" 133
"../../../../Users/Jonty.hoe7674/Documents/PaintedWings/Content/Assets/Player/Animations/BirdAnimBP.uasset" 134
"../../../Engine/Content/EditorBlueprintResources/StandardMacros.uasset" 135
"../../../../Users/Jonty.hoe7674/Documents/PaintedWings/Content/Sound/MoonHunters_NightSky_IntroMusic.uasset" 136
"../../../../Users/Jonty.hoe7674/Documents/PaintedWings/Content/UI/Exit.uasset" 137
"../../../../Users/Jonty.hoe7674/Documents/PaintedWings/Content/UI/GameInput.uasset" 138
"../../../../Users/Jonty.hoe7674/Documents/PaintedWings/Content/UI/Images/Select_Button.uasset" 139
"../../../../Users/Jonty.hoe7674/Documents/PaintedWings/Content/UI/Images/Start_Button.uasset" 140
"../../../../Users/Jonty.hoe7674/Documents/PaintedWings/Content/UI/SelectionIconWhite.uasset" 141
"../../../../Users/Jonty.hoe7674/Documents/PaintedWings/Content/UI/Start.uasset" 142
"../../../../Users/Jonty.hoe7674/Documents/PaintedWings/Content/UI/Title.uasset" 143
"../../../../Users/Jonty.hoe7674/Documents/PaintedWings/Content/UI/W_Menu.uasset" 144
"../../../../Users/Jonty.hoe7674/Documents/PaintedWings/Content/Blueprints/Controllers/MenuController.uasset" 145
"../../../../Users/Jonty.hoe7674/Documents/PaintedWings/Content/UI/Images/A.uasset" 146
"../../../../Users/Jonty.hoe7674/Documents/PaintedWings/Content/UI/Images/Enter.uasset" 147
"../../../../Users/Jonty.hoe7674/Documents/PaintedWings/Content/UI/Images/ESC.uasset" 148
"../../../../Users/Jonty.hoe7674/Documents/PaintedWings/Content/UI/Images/LB.uasset" 149
"../../../../Users/Jonty.hoe7674/Documents/PaintedWings/Content/UI/Images/Shift.uasset" 150
"../../../../Users/Jonty.hoe7674/Documents/PaintedWings/Content/UI/Images/SpaceBar.uasset" 151
"../../../../Users/Jonty.hoe7674/Documents/PaintedWings/Content/UI/Images/Tab.uasset" 152
"../../../../Users/Jonty.hoe7674/Documents/PaintedWings/Content/UI/Images/X.uasset" 153
"../../../../Users/Jonty.hoe7674/Documents/PaintedWings/Content/GI.uasset" 154
"../../../../Users/Jonty.hoe7674/Documents/PaintedWings/Content/UI/W_Tut.uasset" 155
"../../../../Users/Jonty.hoe7674/Documents/PaintedWings/Content/UI/W_Tut_Tip.uasset" 156
"../../../../Users/Jonty.hoe7674/Documents/PaintedWings/Content/Sound/Background_Music_Nature_by_Remaxim_.uasset" 157
"../../../../Users/Jonty.hoe7674/Documents/PaintedWings/Content/Sound/Background_MusicReverbed_Nature_by_Remaxim_.uasset" 158
"../../../../Users/Jonty.hoe7674/Documents/PaintedWings/Content/Sound/BackgroundSOng.uasset" 159
"../../../../Users/Jonty.hoe7674/Documents/PaintedWings/Content/UI/BerryImage.uasset" 160
"../../../../Users/Jonty.hoe7674/Documents/PaintedWings/Content/UI/Dragonfly_Icon.uasset" 161
"../../../../Users/Jonty.hoe7674/Documents/PaintedWings/Content/UI/Ending.uasset" 162
"../../../../Users/Jonty.hoe7674/Documents/PaintedWings/Content/UI/W_EndScreen.uasset" 163
"../../../../Users/Jonty.hoe7674/Documents/PaintedWings/Content/UI/Flower_DIFF.uasset" 164
"../../../../Users/Jonty.hoe7674/Documents/PaintedWings/Content/UI/BerryImageGrayscale.uasset" 165
"../../../../Users/Jonty.hoe7674/Documents/PaintedWings/Content/UI/W_Collectable.uasset" 166
"../../../../Users/Jonty.hoe7674/Documents/PaintedWings/Content/UI/W_MovingCollectable.uasset" 167
"../../../../Users/Jonty.hoe7674/Documents/PaintedWings/Content/UI/W_HUD.uasset" 168
"../../../../Users/Jonty.hoe7674/Documents/PaintedWings/Content/UI/W_PauseScreen.uasset" 169
"../../../../Users/Jonty.hoe7674/Documents/PaintedWings/Content/Blueprints/Controllers/BP_BirdController.uasset" 170
"../../../../Users/Jonty.hoe7674/Documents/PaintedWings/Content/Blueprints/GameModes/BP_PaintedWingsGameModeBase.uasset" 171
"../../../../Users/Jonty.hoe7674/Documents/PaintedWings/Content/Assets/Gameplay/Webbed_Bird.uasset" 172
"../../../../Users/Jonty.hoe7674/Documents/PaintedWings/Content/Assets/Gameplay/BirdWebbed.uasset" 173
"../../../../Users/Jonty.hoe7674/Documents/PaintedWings/Content/Assets/Gameplay/Bird_Webbed.uasset" 174
"../../../../Users/Jonty.hoe7674/Documents/PaintedWings/Content/Assets/Environment/Leaves/Feather_Mat.uasset" 175
"../../../../Users/Jonty.hoe7674/Documents/PaintedWings/Content/Effects/Particles/DeathFeatherPS.uasset" 176
"../../../../Users/Jonty.hoe7674/Documents/PaintedWings/Content/Sound/Death.uasset" 177
"../../../../Users/Jonty.hoe7674/Documents/PaintedWings/Content/Sound/Flap_01.uasset" 178
"../../../../Users/Jonty.hoe7674/Documents/PaintedWings/Content/Sound/Flap_03.uasset" 179
"../../../../Users/Jonty.hoe7674/Documents/PaintedWings/Content/Sound/Gliding.uasset" 180
"../../../../Users/Jonty.hoe7674/Documents/PaintedWings/Content/Sound/wind01.uasset" 181
"../../../../Users/Jonty.hoe7674/Documents/PaintedWings/Content/Sound/wwind.uasset" 182
"../../../../Users/Jonty.hoe7674/Documents/PaintedWings/Content/Sound/GlideCue.uasset" 183
"../../../../Users/Jonty.hoe7674/Documents/PaintedWings/Content/Sound/Whoosh_01.uasset" 184
"../../../../Users/Jonty.hoe7674/Documents/PaintedWings/Content/Blueprints/BP_BirdPlayer.uasset" 185
"../../../../Users/Jonty.hoe7674/Documents/PaintedWings/Content/Blueprints/ENDME.uasset" 186
"../../../../Users/Jonty.hoe7674/Documents/PaintedWings/Content/Blueprints/GameModes/MyCheckPoint_Mode.uasset" 187
"../../../../Users/Jonty.hoe7674/Documents/PaintedWings/Content/Blueprints/GameModes/TestGamemode.uasset" 188
"../../../Engine/Content/Functions/Engine_MaterialFunctions01/Opacity/CameraDepthFade.uasset" 189
"../../../Engine/Content/EngineMaterials/T_Default_Material_Grid_M.uasset" 190
"../../../Engine/Content/EngineMaterials/T_Default_Material_Grid_N.uasset" 191
"../../../Engine/Content/EngineMaterials/WorldGridMaterial.uasset" 192
"../../../Engine/Content/BasicShapes/Cube.uasset" 193
"../../../../Users/Jonty.hoe7674/Documents/PaintedWings/Content/Blueprints/Gameplay/GameCheckpoints.uasset" 194
"../../../Engine/Content/EditorLandscapeResources/DefaultAlphaTexture.uasset" 195
"../../../Engine/Content/EditorLandscapeResources/AlphaBrushMaterial.uasset" 196
"../../../Engine/Content/EditorMeshes/ArcadeEditorSphere.uasset" 197
"../../../../Users/Jonty.hoe7674/Documents/PaintedWings/Content/Blueprints/Gameplay/JumpReset.uasset" 198
"../../Plugins/Enterprise/DatasmithContent/Content/Materials/FBXImporter/DeltaGenMasterAbsorb.uasset" 199
"../../../Engine/Content/EngineMaterials/DefaultMaterial.uasset" 200
"../../../Engine/Content/EngineMeshes/Cube.uasset" 201
"../../../../Users/Jonty.hoe7674/Documents/PaintedWings/Content/Blueprints/Mechanics/WindStream.uasset" 202
"../../../../Users/Jonty.hoe7674/Documents/PaintedWings/Content/Blueprints/Mechanics/WindStream2.uasset" 203
"../../../../Users/Jonty.hoe7674/Documents/PaintedWings/Content/Blueprints/Mechanics/TiltFlower/TiltFlower_Leafs.uasset" 204
"../../../../Users/Jonty.hoe7674/Documents/PaintedWings/Content/Shaders/CustomShader.uasset" 205
"../../../Engine/Content/Functions/Engine_MaterialFunctions02/Utility/BreakOutFloat2Components.uasset" 206
"../../../Engine/Content/Functions/Engine_MaterialFunctions01/Texturing/ScaleUVsByCenter.uasset" 207
"../../../Engine/Content/Functions/Engine_MaterialFunctions02/ScreenResolution.uasset" 208
"../../../Engine/Content/Functions/Engine_MaterialFunctions02/Texturing/ScreenAlignedUVs.uasset" 209
"../../../../Users/Jonty.hoe7674/Documents/PaintedWings/Content/Shaders/StoneWalldoubleDiff.uasset" 210
"../../../../Users/Jonty.hoe7674/Documents/PaintedWings/Content/Shaders/T_MaskedPaper_Screen.uasset" 211
"../../../../Users/Jonty.hoe7674/Documents/PaintedWings/Content/Shaders/T_TexturedPaper.uasset" 212
"../../../../Users/Jonty.hoe7674/Documents/PaintedWings/Content/Shaders/M_PostProcess_Paper.uasset" 213
"../../../../Users/Jonty.hoe7674/Documents/PaintedWings/Content/Shaders/M_PostProcess_Paper_Inst.uasset" 214
"../../../../Users/Jonty.hoe7674/Documents/PaintedWings/Content/Shaders/Watercolor/Textures/T_BasePaper.uasset" 215
"../../../../Users/Jonty.hoe7674/Documents/PaintedWings/Content/Shaders/Watercolor/Textures/T_FibrousPaper.uasset" 216
"../../../../Users/Jonty.hoe7674/Documents/PaintedWings/Content/Shaders/Watercolor/Textures/T_RicePaper.uasset" 217
"../../../../Users/Jonty.hoe7674/Documents/PaintedWings/Content/Shaders/Watercolor/Textures/T_TexturedPaper.uasset" 218
"../../../../Users/Jonty.hoe7674/Documents/PaintedWings/Content/Sound/BirdAmbience_01.uasset" 219
"../../../../Users/Jonty.hoe7674/Documents/PaintedWings/Content/Sound/BirdAmbience_02.uasset" 220
"../../../../Users/Jonty.hoe7674/Documents/PaintedWings/Content/Sound/Cicadas_Ambience.uasset" 221
"../../../../Users/Jonty.hoe7674/Documents/PaintedWings/Content/Sound/Flap_02.uasset" 222
"../../../../Users/Jonty.hoe7674/Documents/PaintedWings/Content/Sound/Flap_04.uasset" 223
"../../../../Users/Jonty.hoe7674/Documents/PaintedWings/Content/Sound/MoonHunters_Summit_BackgroundMusic.uasset" 224
"../../../../Users/Jonty.hoe7674/Documents/PaintedWings/Content/UI/ExitGS.uasset" 225
"../../../../Users/Jonty.hoe7674/Documents/PaintedWings/Content/UI/Fin.uasset" 226
"../../../../Users/Jonty.hoe7674/Documents/PaintedWings/Content/UI/Options.uasset" 227
"../../../../Users/Jonty.hoe7674/Documents/PaintedWings/Content/UI/OptionsGS.uasset" 228
"../../../../Users/Jonty.hoe7674/Documents/PaintedWings/Content/UI/Painted_Wings.uasset" 229
"../../../../Users/Jonty.hoe7674/Documents/PaintedWings/Content/UI/SelectionIcon.uasset" 230
"../../../../Users/Jonty.hoe7674/Documents/PaintedWings/Content/UI/StartGS.uasset" 231
"../../../../Users/Jonty.hoe7674/Documents/PaintedWings/Content/UI/Images/B.uasset" 232
"../../../../Users/Jonty.hoe7674/Documents/PaintedWings/Content/UI/Images/LT.uasset" 233
"../../../../Users/Jonty.hoe7674/Documents/PaintedWings/Content/UI/Images/L_stick_left.uasset" 234
"../../../../Users/Jonty.hoe7674/Documents/PaintedWings/Content/UI/Images/L_stick_right.uasset" 235
"../../../../Users/Jonty.hoe7674/Documents/PaintedWings/Content/UI/Images/RB.uasset" 236
"../../../../Users/Jonty.hoe7674/Documents/PaintedWings/Content/UI/Images/RT.uasset" 237
"../../../../Users/Jonty.hoe7674/Documents/PaintedWings/Content/UI/Images/R_stick_left.uasset" 238
"../../../../Users/Jonty.hoe7674/Documents/PaintedWings/Content/UI/Images/R_stick_right.uasset" 239
"../../../../Users/Jonty.hoe7674/Documents/PaintedWings/Content/UI/Images/Y.uasset" 240
"../../../Engine/Content/ArtTools/RenderToTexture/Meshes/S_1_Unit_Plane.uasset" 241
"../../../Engine/Content/BasicShapes/Cone.uasset" 242
"../../../Engine/Content/BasicShapes/Plane.uasset" 243
"../../../Engine/Content/BasicShapes/Sphere.uasset" 244
"../../../Engine/Content/EditorLandscapeResources/DataLayer.uasset" 245
"../../../Engine/Content/EditorMaterials/GizmoMaterial.uasset" 246
"../../../Engine/Content/EditorMaterials/MAT_Groups_Toggle.uasset" 247
"../../../Engine/Content/EditorMaterials/MAT_Groups_Visibility.uasset" 248
"../../../Engine/Content/EditorMaterials/PreviewShadowIndicator.uasset" 249
"../../../Engine/Content/EditorMaterials/PreviewShadowIndicatorMaterial.uasset" 250
"../../../Engine/Content/EditorMaterials/MatineeGroups/MAT_ColorTrack.uasset" 251
"../../../Engine/Content/EditorMaterials/MatineeGroups/MAT_Groups_Anim.uasset" 252
"../../../Engine/Content/EditorMaterials/MatineeGroups/MAT_Groups_AudioMaster.uasset" 253
"../../../Engine/Content/EditorMaterials/MatineeGroups/MAT_Groups_Director.uasset" 254
"../../../Engine/Content/EditorMaterials/MatineeGroups/MAT_Groups_Event.uasset" 255
"../../../Engine/Content/EditorMaterials/MatineeGroups/MAT_Groups_Fade.uasset" 256
"../../../Engine/Content/EditorMaterials/MatineeGroups/MAT_Groups_Float.uasset" 257
"../../../Engine/Content/EditorMaterials/MatineeGroups/MAT_Groups_Move.uasset" 258
"../../../Engine/Content/EditorMaterials/MatineeGroups/MAT_Groups_Slomo.uasset" 259
"../../../Engine/Content/EditorMaterials/MatineeGroups/MAT_Groups_Sound.uasset" 260
"../../../Engine/Content/EditorMaterials/MatineeGroups/MAT_Groups_Vector.uasset" 261
"../../../Engine/Content/EditorMaterials/ParticleSystems/PSysThumbnail_NoImage.uasset" 262
"../../../Engine/Content/EditorMaterials/ParticleSystems/PSysThumbnail_OOD.uasset" 263
"../../../Engine/Content/EditorMaterials/Camera/CineMat.uasset" 264
"../../../Engine/Content/EditorMaterials/Camera/MI_CineMat_Rig.uasset" 265
"../../../Engine/Content/EditorMeshes/Camera/SM_CraneRig_Arm.uasset" 266
"../../../Engine/Content/EditorMeshes/Camera/SM_CraneRig_Base.uasset" 267
"../../../Engine/Content/EditorMeshes/Camera/SM_CraneRig_Body.uasset" 268
"../../../Engine/Content/EditorMeshes/Camera/SM_CraneRig_Mount.uasset" 269
"../../../Engine/Content/EditorMeshes/Camera/SM_RailRig_Mount.uasset" 270
"../../../Engine/Content/EditorResources/BSPVertex.uasset" 271
"../../../Engine/Content/EditorResources/EmptyActor.uasset" 272
"../../../Engine/Content/EditorResources/S_Actor.uasset" 273
"../../../Engine/Content/EditorResources/S_Trigger.uasset" 274
"../../../Engine/Content/EditorResources/AudioIcons/S_AudioComponent_AutoActivate.uasset" 275
"../../../Engine/Content/EditorResources/LightIcons/S_LightError.uasset" 276
"../../../Engine/Content/EditorResources/SequenceRecorder/Countdown.uasset" 277
"../../../Engine/Content/EditorResources/SequenceRecorder/RecordingIndicator.uasset" 278
"../../../Engine/Content/EditorSounds/Notifications/CompileFailed.uasset" 279
"../../../Engine/Content/EditorSounds/Notifications/CompileFailed_Cue.uasset" 280
"../../../Engine/Content/EditorSounds/Notifications/CompileSuccess.uasset" 281
"../../../Engine/Content/EditorSounds/Notifications/CompileStart_Cue.uasset" 282
"../../../Engine/Content/EditorSounds/Notifications/CompileSuccess_Cue.uasset" 283
"../../../Engine/Content/EngineDamageTypes/DmgTypeBP_Environmental.uasset" 284
"../../../Engine/Content/EngineDebugMaterials/HeatmapGradient.uasset" 285
"../../../Engine/Content/EngineDebugMaterials/BoneWeightMaterial.uasset" 286
"../../../Engine/Content/EngineDebugMaterials/ClothMaterial.uasset" 287
"../../../Engine/Content/EngineDebugMaterials/ClothMaterial_WF.uasset" 288
"../../../Engine/Content/EngineDebugMaterials/DebugEditorMaterial.uasset" 289
"../../../Engine/Content/EngineDebugMaterials/DebugMeshMaterial.uasset" 290
"../../../Engine/Content/EngineDebugMaterials/GeomMaterial.uasset" 291
"../../../Engine/Content/EngineDebugMaterials/M_SimpleTranslucent.uasset" 292
"../../../Engine/Content/EngineFonts/Faces/RobotoBold.uasset" 293
"../../../Engine/Content/EngineFonts/Faces/RobotoBoldItalic.uasset" 294
"../../../Engine/Content/EngineFonts/Faces/RobotoItalic.uasset" 295
"../../../Engine/Content/EngineFonts/Faces/RobotoLight.uasset" 296
"../../../Engine/Content/EngineFonts/Faces/RobotoRegular.uasset" 297
"../../../Engine/Content/EngineFonts/Roboto.uasset" 298
"../../../Engine/Content/EngineFonts/Faces/RobotoTiny.uasset" 299
"../../../Engine/Content/EngineFonts/RobotoTiny.uasset" 300
"../../../Engine/Content/EngineMaterials/BaseFlattenDiffuseMap.uasset" 301
"../../../Engine/Content/EngineMaterials/BaseFlattenEmissiveMap.uasset" 302
"../../../Engine/Content/EngineMaterials/BaseFlattenGrayscaleMap.uasset" 303
"../../../Engine/Content/EngineMaterials/BaseFlattenNormalMap.uasset" 304
"../../../Engine/Content/EngineMaterials/BaseFlattenMaterial.uasset" 305
"../../../Engine/Content/EngineMaterials/DefaultBloomKernel.uasset" 306
"../../../Engine/Content/EngineMaterials/DefaultBokeh.uasset" 307
"../../../Engine/Content/EngineMaterials/DefaultDiffuse.uasset" 308
"../../../Engine/Content/EngineMaterials/DefaultDeferredDecalMaterial.uasset" 309
"../../../Engine/Content/EngineMaterials/DefaultLightFunctionMaterial.uasset" 310
"../../../Engine/Content/EngineMaterials/DefaultPhysicalMaterial.uasset" 311
"../../../Engine/Content/EngineMaterials/DefaultPostProcessMaterial.uasset" 312
"../../../Engine/Content/EngineFonts/RobotoDistanceField.uasset" 313
"../../../Engine/Content/EngineMaterials/DefaultTextMaterialOpaque.uasset" 314
"../../../Engine/Content/EngineMaterials/DefaultWhiteGrid.uasset" 315
"../../../Engine/Content/EngineMaterials/EditorBrushMaterial.uasset" 316
"../../../Engine/Content/EngineMaterials/Good64x64TilingNoiseHighFreq.uasset" 317
"../../../Engine/Content/EngineMaterials/MiniFont.uasset" 318
"../../../Engine/Content/EngineMaterials/InvalidLightmapSettings.uasset" 319
"../../../Engine/Content/EngineMaterials/M_InvalidLightmapSettings.uasset" 320
"../../../Engine/Content/Functions/Engine_MaterialFunctions02/WorldPositionOffset/CameraOffset.uasset" 321
"../../../Engine/Content/EngineMaterials/PhAT_JointLimitMaterial.uasset" 322
"../../../Engine/Content/EngineMaterials/PreintegratedSkinBRDF.uasset" 323
"../../../Engine/Content/EngineMaterials/RemoveSurfaceMaterial.uasset" 324
"../../../Engine/Content/EngineMaterials/WeightMapPlaceholderTexture.uasset" 325
"../../../Engine/Content/EngineResources/WhiteSquareTexture.uasset" 326
"../../../Engine/Content/EngineMaterials/Widget3DPassThrough.uasset" 327
"../../../Engine/Content/EngineMaterials/Widget3DPassThrough_Masked.uasset" 328
"../../../Engine/Content/EngineMaterials/Widget3DPassThrough_Opaque.uasset" 329
"../../../Engine/Content/EngineMaterials/Widget3DPassThrough_Masked_OneSided.uasset" 330
"../../../Engine/Content/EngineMaterials/Widget3DPassThrough_Opaque_OneSided.uasset" 331
"../../../Engine/Content/EngineMaterials/Widget3DPassThrough_Translucent.uasset" 332
"../../../Engine/Content/EngineMaterials/Widget3DPassThrough_Translucent_OneSided.uasset" 333
"../../../Engine/Content/EngineMeshes/Cylinder.uasset" 334
"../../../Engine/Content/EngineMeshes/Sphere.uasset" 335
"../../../Engine/Content/EngineResources/Black.uasset" 336
"../../../Engine/Content/EngineResources/DefaultTexture.uasset" 337
"../../../Engine/Content/EngineResources/DefaultTextureCube.uasset" 338
"../../../Engine/Content/EngineResources/DefaultVolumeTexture2D.uasset" 339
"../../../Engine/Content/EngineResources/DefaultVolumeTexture.uasset" 340
"../../../Engine/Content/EngineResources/GradientTexture0.uasset" 341
"../../../Engine/Content/EngineSounds/Master.uasset" 342
"../../../Engine/Content/Functions/Engine_MaterialFunctions01/Shading/ConvertFromDiffSpec.uasset" 343
"../../../Engine/Content/Functions/Engine_MaterialFunctions01/Shading/PowerToRoughness.uasset" 344
"../../../Engine/Content/Maps/Templates/Thumbnails/Default.uasset" 345
"../../../Engine/Content/Maps/Templates/Thumbnails/VR-Basic.uasset" 346
"../../../Engine/Content/MobileResources/T_MobileControls_texture.uasset" 347
"../../../Engine/Content/MobileResources/T_MobileMenu2.uasset" 348
"../../../Engine/Content/MobileResources/HUD/AnalogHat.uasset" 349
"../../../Engine/Content/MobileResources/HUD/VirtualJoystick_Background.uasset" 350
"../../../Engine/Content/MobileResources/HUD/VirtualJoystick_Thumb.uasset" 351
"../../../Engine/Content/MobileResources/HUD/DefaultVirtualJoysticks.uasset" 352
"../../../Engine/Content/MobileResources/HUD/LeftVirtualJoystickOnly.uasset" 353
"../../../Engine/Content/MobileResources/HUD/MobileHUDButton1_off.uasset" 354
"../../../Engine/Content/MobileResources/HUD/MobileHUDButton1_on.uasset" 355
"../../../Engine/Content/MobileResources/HUD/MobileHUDButton2_off.uasset" 356
"../../../Engine/Content/MobileResources/HUD/MobileHUDButton2_on.uasset" 357
"../../../Engine/Content/MobileResources/HUD/MobileHUDButton3.uasset" 358
"../../../Engine/Content/MobileResources/HUD/MobileHUDButtonFire.uasset" 359
"../../../Engine/Content/MobileResources/HUD/MobileHUDDirectionPad.uasset" 360
"../../../Engine/Content/MobileResources/HUD/MobileHUDDirectionPad2.uasset" 361
"../../../Engine/Content/MobileResources/HUD/MobileHUDDirectionPad3.uasset" 362
"../../../Engine/Content/MobileResources/HUD/MobileHUDDirectionStick.uasset" 363
"../../../Engine/Content/MobileResources/HUD/T_Castle_ThumbstickInner.uasset" 364
"../../../Engine/Content/MobileResources/HUD/T_Castle_ThumbstickOutter.uasset" 365
"../../../Engine/Content/Tutorial/ContentIntroCurve.uasset" 366
"../../../Engine/Content/VREditor/LaserPointer/VR_LaserPower_01.uasset" 367
"../../../Engine/Content/VREditor/TransformGizmo/TransformGizmoMaterial.uasset" 368
"../../../Engine/Content/VREditor/TransformGizmo/TranslucentTransformGizmoMaterial.uasset" 369
"../../../Engine/Content/VREditor/TransformGizmo/BoundingBoxCorner.uasset" 370
"../../../Engine/Content/VREditor/TransformGizmo/BoundingBoxEdge.uasset" 371
"../../../Engine/Content/VREditor/TransformGizmo/PlaneTranslationHandle.uasset" 372
"../../../Engine/Content/VREditor/TransformGizmo/Main.uasset" 373
"../../../Engine/Content/VREditor/TransformGizmo/Xray.uasset" 374
"../../../Engine/Content/VREditor/TransformGizmo/SM_Sequencer_Key.uasset" 375
"../../../Engine/Content/VREditor/TransformGizmo/SM_Sequencer_Node.uasset" 376
"../../Plugins/2D/Paper2D/Content/PlaceholderTextures/DummySpriteTexture.uasset" 377
"../../Plugins/2D/Paper2D/Content/DummySprite.uasset" 378
"../../Plugins/2D/Paper2D/Content/DefaultPaperTerrainMaterial.uasset" 379
"../../Plugins/2D/Paper2D/Content/DefaultSpriteMaterial.uasset" 380
"../../Plugins/2D/Paper2D/Content/MaskedUnlitSpriteMaterial.uasset" 381
"../../Plugins/2D/Paper2D/Content/OpaqueUnlitSpriteMaterial.uasset" 382
"../../Plugins/Runtime/Oculus/OculusVR/Content/Materials/PokeAHoleMaterial.uasset" 383
"../../Plugins/Runtime/Oculus/OculusVR/Content/Textures/GearVRController_AO.uasset" 384
"../../Plugins/Runtime/Oculus/OculusVR/Content/Textures/GearVRController_Color.uasset" 385
"../../Plugins/Runtime/Oculus/OculusVR/Content/Textures/GearVRController_Normal.uasset" 386
"../../Plugins/Runtime/Oculus/OculusVR/Content/Materials/GearVRControllerMaterial.uasset" 387
"../../Plugins/Runtime/Oculus/OculusVR/Content/Meshes/GearVrController.uasset" 388
"../../Plugins/Runtime/Oculus/OculusVR/Content/Textures/touchController_albedo.uasset" 389
"../../Plugins/Runtime/Oculus/OculusVR/Content/Textures/touchController_controlmap.uasset" 390
"../../Plugins/Runtime/Oculus/OculusVR/Content/Materials/touchController_mat.uasset" 391
"../../Plugins/Runtime/Oculus/OculusVR/Content/Meshes/LeftTouchController.uasset" 392
"../../Plugins/Runtime/Oculus/OculusVR/Content/Meshes/RiftHMD.uasset" 393
"../../Plugins/Runtime/Oculus/OculusVR/Content/Meshes/RightTouchController.uasset" 394
"../../../Engine/Content/VREditor/UI/ArrowMaterial.uasset" 395
"../../../Engine/Content/EngineVolumetrics/FogEnvironment/Mesh/S_EV_FogVolume_Cylinder_01.uasset" 396
"../../../../Users/Jonty.hoe7674/Documents/PaintedWings/Content/Effects/Particles/WindStream_Alpha2.uasset" 397
"../../../../Users/Jonty.hoe7674/Documents/PaintedWings/Content/Effects/Particles/MAT_WindStream.uasset" 398
"../../../../Users/Jonty.hoe7674/Documents/PaintedWings/Content/Effects/Particles/PS_WindStream.uasset" 399
"../../../../Users/Jonty.hoe7674/Documents/PaintedWings/Content/Sound/Whoosh_02.uasset" 400
"../../../../Users/Jonty.hoe7674/Documents/PaintedWings/Content/Blueprints/Mechanics/BP_WindStream.uasset" 401
"../../../Engine/Content/Functions/Engine_MaterialFunctions01/Gradient/RadialGradient.uasset" 402
"../../../../Users/Jonty.hoe7674/Documents/PaintedWings/Content/Blueprints/FogSheet/Assets/MF_Raycast.uasset" 403
"../../../../Users/Jonty.hoe7674/Documents/PaintedWings/Content/Shaders/MF_NormalMaskedVectors.uasset" 404
"../../../../Users/Jonty.hoe7674/Documents/PaintedWings/Content/Shaders/Noise/TilingNoise03.uasset" 405
"../../../../Users/Jonty.hoe7674/Documents/PaintedWings/Content/Blueprints/FogSheet/Assets/M_FogSheet_Master.uasset" 406
"../../../../Users/Jonty.hoe7674/Documents/PaintedWings/Content/Blueprints/FogSheet/Assets/M_FogSheet_Master_INST.uasset" 407
"../../../../Users/Jonty.hoe7674/Documents/PaintedWings/Content/Blueprints/FogSheet/Assets/SM_FogSheet_Plane.uasset" 408
"../../../../Users/Jonty.hoe7674/Documents/PaintedWings/Content/Blueprints/FogSheet/BP_FogSheet.uasset" 409
"../../../Engine/Content/Functions/Engine_MaterialFunctions02/SafeNormalize.uasset" 410
"../../../Engine/Content/Functions/Engine_MaterialFunctions02/Math/CreateThirdOrthogonalVector.uasset" 411
"../../../Engine/Content/Functions/Engine_MaterialFunctions02/Utility/BreakOutFloat3Components.uasset" 412
"../../../Engine/Content/Functions/Engine_MaterialFunctions02/Math/Transform3x3Matrix.uasset" 413
"../../../Engine/Content/Functions/Engine_MaterialFunctions02/TangentBasis.uasset" 414
"../../../Engine/Content/Functions/Engine_MaterialFunctions02/Utility/BlendAngleCorrectedNormals.uasset" 415
"../../../Engine/Content/Functions/Engine_MaterialFunctions02/Utility/VectorLength.uasset" 416
"../../../Engine/Content/Functions/Engine_MaterialFunctions01/WorldPositionOffset/SplineThicken.uasset" 417
"../../../../Users/Jonty.hoe7674/Documents/PaintedWings/Content/Blueprints/Lightshaft/T_GodRay_Mask01.uasset" 418
"../../../../Users/Jonty.hoe7674/Documents/PaintedWings/Content/Shaders/Noise/TilingNoise02.uasset" 419
"../../../../Users/Jonty.hoe7674/Documents/PaintedWings/Content/Blueprints/Lightshaft/M_GodRay.uasset" 420
"../../../../Users/Jonty.hoe7674/Documents/PaintedWings/Content/Blueprints/Lightshaft/M_GodRay_Inst_Animated.uasset" 421
"../../../../Users/Jonty.hoe7674/Documents/PaintedWings/Content/Blueprints/Lightshaft/SM_GodRay_Plane.uasset" 422
"../../../../Users/Jonty.hoe7674/Documents/PaintedWings/Content/Blueprints/Lightshaft/T_GodRay_Mask02.uasset" 423
"../../../../Users/Jonty.hoe7674/Documents/PaintedWings/Content/Blueprints/Lightshaft/BP_GodRay.uasset" 424
"../../../../Users/Jonty.hoe7674/Documents/PaintedWings/Content/Blueprints/GameModes/MenuGM.uasset" 425
"../../../../Users/Jonty.hoe7674/Documents/PaintedWings/Content/Assets/Gameplay/Others_DIFF.uasset" 426
"../../../../Users/Jonty.hoe7674/Documents/PaintedWings/Content/Assets/Gameplay/Berry_MAT.uasset" 427
"../../../../Users/Jonty.hoe7674/Documents/PaintedWings/Content/Assets/Gameplay/Berry.uasset" 428
"../../../../Users/Jonty.hoe7674/Documents/PaintedWings/Content/Sound/Collectable.uasset" 429
"../../../../Users/Jonty.hoe7674/Documents/PaintedWings/Content/Blueprints/Gameplay/BP_Collectable.uasset" 430
"../../../../Users/Jonty.hoe7674/Documents/PaintedWings/Content/Assets/Environment/bridgeMushroomPlatform.uasset" 431
"../../../../Users/Jonty.hoe7674/Documents/PaintedWings/Content/Assets/Environment/FarnMask2__1_.uasset" 432
"../../../../Users/Jonty.hoe7674/Documents/PaintedWings/Content/Assets/Environment/LeafPlatform_MAT.uasset" 433
"../../../../Users/Jonty.hoe7674/Documents/PaintedWings/Content/Assets/Environment/Platform_MAT.uasset" 434
"../../../../Users/Jonty.hoe7674/Documents/PaintedWings/Content/Assets/Environment/LeafCluster.uasset" 435
"../../../../Users/Jonty.hoe7674/Documents/PaintedWings/Content/Assets/Environment/LeafPlatform.uasset" 436
"../../../../Users/Jonty.hoe7674/Documents/PaintedWings/Content/Blueprints/LeafPlatformBluePrint.uasset" 437
"../../../../Users/Jonty.hoe7674/Documents/PaintedWings/Content/Maps/Menu_BuiltData.uasset" 438
"../../../../Users/Jonty.hoe7674/Documents/PaintedWings/Content/Assets/Environment/Trees/Bark1.uasset" 439
"../../../../Users/Jonty.hoe7674/Documents/PaintedWings/Content/Assets/Environment/Trees/Bark_MAT.uasset" 440
"../../../../Users/Jonty.hoe7674/Documents/PaintedWings/Content/Assets/Environment/Trees/Stump_MAT.uasset" 441
"../../../../Users/Jonty.hoe7674/Documents/PaintedWings/Content/Assets/Environment/Trees/Branches/StumpAssets_03.uasset" 442
"../../../../Users/Jonty.hoe7674/Documents/PaintedWings/Content/Assets/Environment/Trees/Stumps_MAT.uasset" 443
"../../../../Users/Jonty.hoe7674/Documents/PaintedWings/Content/Assets/Environment/Trees/Treetop/TreetopDiff.uasset" 444
"../../../../Users/Jonty.hoe7674/Documents/PaintedWings/Content/Assets/Environment/Trees/Treetop/FadeWithEdge_MAT.uasset" 445
"../../../../Users/Jonty.hoe7674/Documents/PaintedWings/Content/Shaders/Watercolor/WatercolorSettings.uasset" 446
"../../../../Users/Jonty.hoe7674/Documents/PaintedWings/Content/Shaders/Watercolor/Textures/bands.uasset" 447
"../../../../Users/Jonty.hoe7674/Documents/PaintedWings/Content/Shaders/Watercolor/M_CelShader.uasset" 448
"../../../../Users/Jonty.hoe7674/Documents/PaintedWings/Content/Shaders/Watercolor/M_Edge.uasset" 449
"../../../../Users/Jonty.hoe7674/Documents/PaintedWings/Content/Shaders/Watercolor/Textures/T_BumpyPaper.uasset" 450
"../../../../Users/Jonty.hoe7674/Documents/PaintedWings/Content/Shaders/Watercolor/M_Paper.uasset" 451
"../../../Engine/Content/Functions/Engine_MaterialFunctions02/Utility/MakeFloat2.uasset" 452
"../../../../Users/Jonty.hoe7674/Documents/PaintedWings/Content/Shaders/Watercolor/M_Wobbling.uasset" 453
"../../../../Users/Jonty.hoe7674/Documents/PaintedWings/Content/Shaders/M_PostProcess_Base.uasset" 454
"../../../../Users/Jonty.hoe7674/Documents/PaintedWings/Content/Shaders/M_PostProcess_Base_Inst.uasset" 455
"../../../Engine/Content/BasicShapes/Cylinder.uasset" 456
"../../../../Users/Jonty.hoe7674/Documents/PaintedWings/Content/Assets/Environment/Bridge.uasset" 457
"../../../../Users/Jonty.hoe7674/Documents/PaintedWings/Content/Assets/Environment/Canopy.uasset" 458
"../../../../Users/Jonty.hoe7674/Documents/PaintedWings/Content/Assets/Environment/Canopy_2.uasset" 459
"../../../../Users/Jonty.hoe7674/Documents/PaintedWings/Content/Assets/Environment/Kowhai/KowhaiFlower_DIFF.uasset" 460
"../../../../Users/Jonty.hoe7674/Documents/PaintedWings/Content/Assets/Environment/Kowhai/Kowhai_MAT.uasset" 461
"../../../../Users/Jonty.hoe7674/Documents/PaintedWings/Content/Assets/Environment/Kowhai/Kowhai_Cluster.uasset" 462
"../../../../Users/Jonty.hoe7674/Documents/PaintedWings/Content/Assets/Environment/Mushrooms.uasset" 463
"../../../../Users/Jonty.hoe7674/Documents/PaintedWings/Content/Assets/Environment/Ponga/Ponga_DIFF.uasset" 464
"../../../../Users/Jonty.hoe7674/Documents/PaintedWings/Content/Assets/Environment/lambert1.uasset" 465
"../../../../Users/Jonty.hoe7674/Documents/PaintedWings/Content/Assets/Environment/Ponga/Ponga_Rigged.uasset" 466
"../../../../Users/Jonty.hoe7674/Documents/PaintedWings/Content/Assets/Environment/Ponga/PongaTuft1.uasset" 467
"../../../../Users/Jonty.hoe7674/Documents/PaintedWings/Content/Assets/Environment/Ponga/PongaTuft.uasset" 468
"../../../../Users/Jonty.hoe7674/Documents/PaintedWings/Content/Assets/Environment/Ponga/Ponga_Tuft.uasset" 469
"../../../../Users/Jonty.hoe7674/Documents/PaintedWings/Content/Assets/Environment/Ponga/Ponga_Tuft_Space.uasset" 470
"../../../../Users/Jonty.hoe7674/Documents/PaintedWings/Content/Assets/Environment/rainbow_diff.uasset" 471
"../../../../Users/Jonty.hoe7674/Documents/PaintedWings/Content/Assets/Environment/rainbow_opc.uasset" 472
"../../../../Users/Jonty.hoe7674/Documents/PaintedWings/Content/Assets/Environment/rainbow_MAT.uasset" 473
"../../../../Users/Jonty.hoe7674/Documents/PaintedWings/Content/Assets/Environment/rainbow.uasset" 474
"../../../../Users/Jonty.hoe7674/Documents/PaintedWings/Content/Assets/Environment/Trees/Bark.uasset" 475
"../../../../Users/Jonty.hoe7674/Documents/PaintedWings/Content/Assets/Environment/Trees/Branches/Branch_TwoProng.uasset" 476
"../../../../Users/Jonty.hoe7674/Documents/PaintedWings/Content/Assets/Environment/Trees/Branches/Long_Branch.uasset" 477
"../../../../Users/Jonty.hoe7674/Documents/PaintedWings/Content/Assets/Environment/Trees/Branches/LongBranch_TwoProng.uasset" 478
"../../../../Users/Jonty.hoe7674/Documents/PaintedWings/Content/Assets/Environment/Trees/Branches/TallTree.uasset" 479
"../../../../Users/Jonty.hoe7674/Documents/PaintedWings/Content/Assets/Environment/Trees/Branches/TreeIndent.uasset" 480
"../../../../Users/Jonty.hoe7674/Documents/PaintedWings/Content/Assets/Environment/BaseColour.uasset" 481
"../../../../Users/Jonty.hoe7674/Documents/PaintedWings/Content/Assets/Environment/Trees/HollowLog.uasset" 482
"../../../../Users/Jonty.hoe7674/Documents/PaintedWings/Content/Assets/Environment/Trees/HollowTree.uasset" 483
"../../../../Users/Jonty.hoe7674/Documents/PaintedWings/Content/Assets/Environment/Trees/SmallTrunk.uasset" 484
"../../../../Users/Jonty.hoe7674/Documents/PaintedWings/Content/Assets/Environment/Trees/StartPlatform.uasset" 485
"../../../../Users/Jonty.hoe7674/Documents/PaintedWings/Content/Assets/Environment/Trees/Stump_MAT2.uasset" 486
"../../../../Users/Jonty.hoe7674/Documents/PaintedWings/Content/Assets/Environment/Trees/Stump_Hollow.uasset" 487
"../../../../Users/Jonty.hoe7674/Documents/PaintedWings/Content/Assets/Environment/Trees/Stump_Textured.uasset" 488
"../../../../Users/Jonty.hoe7674/Documents/PaintedWings/Content/Effects/Particles/FernAmbient_Part.uasset" 489
"../../../../Users/Jonty.hoe7674/Documents/PaintedWings/Content/Effects/Particles/FernCluster_Part.uasset" 490
"../../../../Users/Jonty.hoe7674/Documents/PaintedWings/Content/Maps/Menu.umap" 491
"../../../../Users/Jonty.hoe7674/Documents/PaintedWings/Content/Assets/Environment/Flower/Flower_01_Skeleton.uasset" 492
"../../../../Users/Jonty.hoe7674/Documents/PaintedWings/Content/Assets/Environment/Flower/Flower_01_Anim.uasset" 493
"../../../Engine/Content/BasicShapes/BasicShapeMaterial.uasset" 494
"../../../Engine/Content/EngineDebugMaterials/TerrainCollisionMaterial.uasset" 495
"../../../../Users/Jonty.hoe7674/Documents/PaintedWings/Content/Assets/Gameplay/TubeMesh.uasset" 496
"../../../../Users/Jonty.hoe7674/Documents/PaintedWings/Content/Blueprints/Mechanics/TubeSlide.uasset" 497
"../../../Engine/Content/EngineDebugMaterials/VertexColorViewMode_BlueOnly.uasset" 498
"../../../Engine/Content/EditorMeshes/EditorSphere.uasset" 499
"../../../../Users/Jonty.hoe7674/Documents/PaintedWings/Content/Blueprints/Gameplay/BP_JumpReset.uasset" 500
"../../../../Users/Jonty.hoe7674/Documents/PaintedWings/Content/Assets/Gameplay/DragonFly/Dragonfly_Diff.uasset" 501
"../../../../Users/Jonty.hoe7674/Documents/PaintedWings/Content/Assets/Gameplay/DragonFly/DragonflyMat.uasset" 502
"../../../../Users/Jonty.hoe7674/Documents/PaintedWings/Content/Assets/Gameplay/DragonFly/Dragonfly_Spinny_PhysicsAsset.uasset" 503
"../../../../Users/Jonty.hoe7674/Documents/PaintedWings/Content/Assets/Gameplay/DragonFly/Dragonfly_Spinny.uasset" 504
"../../../../Users/Jonty.hoe7674/Documents/PaintedWings/Content/Blueprints/Gameplay/BP_MovingCollectable.uasset" 505
"../../../../Users/Jonty.hoe7674/Documents/PaintedWings/Content/Blueprints/Gameplay/CameraChangeTrunk.uasset" 506
"../../../../Users/Jonty.hoe7674/Documents/PaintedWings/Content/Assets/Environment/Flower/Centre_MAT.uasset" 507
"../../../../Users/Jonty.hoe7674/Documents/PaintedWings/Content/Assets/Environment/Flower/Node.uasset" 508
"../../../../Users/Jonty.hoe7674/Documents/PaintedWings/Content/Assets/Gameplay/EggShape_color.uasset" 509
"../../../../Users/Jonty.hoe7674/Documents/PaintedWings/Content/Assets/Gameplay/EggTexture.uasset" 510
"../../../../Users/Jonty.hoe7674/Documents/PaintedWings/Content/Assets/Gameplay/Egg.uasset" 511
"../../../../Users/Jonty.hoe7674/Documents/PaintedWings/Content/Assets/Gameplay/Nest_Diff.uasset" 512
"../../../../Users/Jonty.hoe7674/Documents/PaintedWings/Content/Assets/Gameplay/NestMat.uasset" 513
"../../../../Users/Jonty.hoe7674/Documents/PaintedWings/Content/Assets/Gameplay/NestUntextured.uasset" 514
"../../../../Users/Jonty.hoe7674/Documents/PaintedWings/Content/Blueprints/Gameplay/Checkpoint.uasset" 515
"../../../../Users/Jonty.hoe7674/Documents/PaintedWings/Content/Assets/Environment/Trees/Bark_Climb_Decal.uasset" 516
"../../../../Users/Jonty.hoe7674/Documents/PaintedWings/Content/Blueprints/Mechanics/ClimbableVines.uasset" 517
"../../../../Users/Jonty.hoe7674/Documents/PaintedWings/Content/Assets/Environment/Trees/Stump_MAT_Transparent.uasset" 518
"../../../../Users/Jonty.hoe7674/Documents/PaintedWings/Content/Blueprints/Mechanics/FadingPlatform.uasset" 519
"../../../Engine/Content/VREditor/UI/KeyMaterial.uasset" 520
"../../../Engine/Content/VREditor/UI/FrameMaterial.uasset" 521
"../../../Engine/Content/EngineMeshes/MaterialSphere.uasset" 522
"../../../../Users/Jonty.hoe7674/Documents/PaintedWings/Content/Blueprints/Mechanics/Nectar.uasset" 523
"../../../../Users/Jonty.hoe7674/Documents/PaintedWings/Content/Blueprints/Mechanics/TiltFlower/TiltFlower_Idle_Skeleton.uasset" 524
"../../../../Users/Jonty.hoe7674/Documents/PaintedWings/Content/Blueprints/Mechanics/TiltFlower/TiltFlower_Idle_Anim.uasset" 525
"../../../../Users/Jonty.hoe7674/Documents/PaintedWings/Content/Blueprints/Mechanics/TiltFlower/TiltFlower_NegativeX.uasset" 526
"../../../../Users/Jonty.hoe7674/Documents/PaintedWings/Content/Blueprints/Mechanics/TiltFlower/TiltFlower_NegativeZ.uasset" 527
"../../../../Users/Jonty.hoe7674/Documents/PaintedWings/Content/Blueprints/Mechanics/TiltFlower/TiltFlower_PositiveX.uasset" 528
"../../../../Users/Jonty.hoe7674/Documents/PaintedWings/Content/Blueprints/Mechanics/TiltFlower/TiltFlower_PositiveZ.uasset" 529
"../../../../Users/Jonty.hoe7674/Documents/PaintedWings/Content/Blueprints/Mechanics/TiltFlower/TiltFlowerBlendSpace.uasset" 530
"../../../../Users/Jonty.hoe7674/Documents/PaintedWings/Content/Blueprints/Mechanics/TiltFlower/TiltAnimBP.uasset" 531
"../../../../Users/Jonty.hoe7674/Documents/PaintedWings/Content/Blueprints/Mechanics/TiltFlower/TiltFlower_Idle_PhysicsAsset.uasset" 532
"../../../../Users/Jonty.hoe7674/Documents/PaintedWings/Content/Blueprints/Mechanics/TiltFlower/TiltFlower_Idle.uasset" 533
"../../../../Users/Jonty.hoe7674/Documents/PaintedWings/Content/Blueprints/Mechanics/TiltFlower/BendyFlower.uasset" 534
"../../../../Users/Jonty.hoe7674/Documents/PaintedWings/Content/Assets/Environment/Flower/TrapFlower/FlowerCloseAnimation_Skeleton.uasset" 535
"../../../../Users/Jonty.hoe7674/Documents/PaintedWings/Content/Assets/Environment/Flower/TrapFlower/FlowerCloseAnim.uasset" 536
"../../../../Users/Jonty.hoe7674/Documents/PaintedWings/Content/Assets/Environment/Flower/TrapFlower/FlowerOpenAnim.uasset" 537
"../../../../Users/Jonty.hoe7674/Documents/PaintedWings/Content/Assets/Environment/Flower/TrapFlower/FlowerCloseAnimation_PhysicsAsset.uasset" 538
"../../../../Users/Jonty.hoe7674/Documents/PaintedWings/Content/Assets/Environment/Flower/TrapFlower/FlowerCloseAnimation.uasset" 539
"../../../../Users/Jonty.hoe7674/Documents/PaintedWings/Content/Blueprints/Mechanics/TrapFlower.uasset" 540
"../../../../Users/Jonty.hoe7674/Documents/PaintedWings/Content/Maps/MiniProduction_Mechanics_Testbed_Michael_BuiltData.uasset" 541
"../../../../Users/Jonty.hoe7674/Documents/PaintedWings/Content/Assets/Environment/Flower/Leaf.uasset" 542
"../../../../Users/Jonty.hoe7674/Documents/PaintedWings/Content/Assets/Environment/Flower/Flower_MAT.uasset" 543
"../../../../Users/Jonty.hoe7674/Documents/PaintedWings/Content/Assets/Environment/Flower/Flower_01_PhysicsAsset.uasset" 544
"../../../../Users/Jonty.hoe7674/Documents/PaintedWings/Content/Assets/Environment/Flower/Flower_01.uasset" 545
"../../../../Users/Jonty.hoe7674/Documents/PaintedWings/Content/Assets/Environment/DefaultMaterial.uasset" 546
"../../../../Users/Jonty.hoe7674/Documents/PaintedWings/Content/Assets/Environment/Level_Cylinder12.uasset" 547
"../../../../Users/Jonty.hoe7674/Documents/PaintedWings/Content/Assets/Environment/Trees/Treetop/TreeTopFaded.uasset" 548
"../../../../Users/Jonty.hoe7674/Documents/PaintedWings/Content/Maps/MiniProduction_Mechanics_Testbed_Michael.umap" 549
"../../../../Users/Jonty.hoe7674/Documents/PaintedWings/Content/Maps/RourkesRevengeLevel_BuiltData.uasset" 550
"../../../../Users/Jonty.hoe7674/Documents/PaintedWings/Content/Maps/RourkesRevengeLevel.umap" 551
"../../../../Users/Jonty.hoe7674/Documents/PaintedWings/Content/Assets/Gameplay/BumbleBee/Bumble_Bee_Skeleton.uasset" 552
"../../../../Users/Jonty.hoe7674/Documents/PaintedWings/Content/Assets/Gameplay/BumbleBee/Bumble_Bee_Anim.uasset" 553
"../../../../Users/Jonty.hoe7674/Documents/PaintedWings/Content/Assets/Gameplay/BumbleBee/Bee_Diff.uasset" 554
"../../../../Users/Jonty.hoe7674/Documents/PaintedWings/Content/Assets/Gameplay/BumbleBee/MAT_Bee.uasset" 555
"../../../../Users/Jonty.hoe7674/Documents/PaintedWings/Content/Assets/Gameplay/BumbleBee/Bumble_Bee_PhysicsAsset.uasset" 556
"../../../../Users/Jonty.hoe7674/Documents/PaintedWings/Content/Assets/Gameplay/BumbleBee/Bumble_Bee.uasset" 557
"../../../../Users/Jonty.hoe7674/Documents/PaintedWings/Content/Blueprints/Enemies/BP_BeeMcGee.uasset" 558
"../../../../Users/Jonty.hoe7674/Documents/PaintedWings/Content/Assets/Gameplay/Spider/SpiderAnimatedRapple.uasset" 559
"../../../../Users/Jonty.hoe7674/Documents/PaintedWings/Content/Assets/Gameplay/Spider/IdleWalk.uasset" 560
"../../../../Users/Jonty.hoe7674/Documents/PaintedWings/Content/Assets/Gameplay/Spider/SpiderAnimBP.uasset" 561
"../../../../Users/Jonty.hoe7674/Documents/PaintedWings/Content/Blueprints/Enemies/TreeClimbingSpiderBP.uasset" 562
"../../../../Users/Jonty.hoe7674/Documents/PaintedWings/Content/Blueprints/Gameplay/LookAtObject.uasset" 563
"../../../../Users/Jonty.hoe7674/Documents/PaintedWings/Content/Blueprints/Gameplay/Tutorial.uasset" 564
"../../../../Users/Jonty.hoe7674/Documents/PaintedWings/Content/Assets/Environment/LeafClump.uasset" 565
"../../../../Users/Jonty.hoe7674/Documents/PaintedWings/Content/Blueprints/Mechanics/HidingBUsh.uasset" 566
"../../../../Users/Jonty.hoe7674/Documents/PaintedWings/Content/Maps/SecondLevel_BuiltData.uasset" 567
"../../../../Users/Jonty.hoe7674/Documents/PaintedWings/Content/Maps/SecondLevel.umap" 568
"../../../../Users/Jonty.hoe7674/Documents/PaintedWings/Content/Maps/TutorialLevel_BuiltData.uasset" 569
"../../../Engine/Content/EditorMeshes/Camera/SM_RailRig_Track.uasset" 570
"../../../../Users/Jonty.hoe7674/Documents/PaintedWings/Content/Maps/TutorialLevel.umap" 571
"../../../Engine/Content/Maps/Entry_BuiltData.uasset" 572
"../../../Engine/Content/Maps/Entry.umap" 573
